1 0 0 0
1 1 1 1
1 2 2 2
1 3 3 3
1 4 4 4
1 5 5 6
1 6 7 7
1 7 8 8
1 8 9 9
1 9 10 10
1 10 11 11
1 11 12 17
1 12 18 23
1 13 24 25
1 14 26 26
1 15 27 39
1 16 40 41
1 17 42 44
1 18 45 47
1 19 48 52
1 20 53 54
1 21 55 56
1 22 57 58
1 23 59 61
1 24 62 63
1 25 64 65
1 26 66 67
1 27 68 69
1 28 70 70
1 29 71 75
1 30 76 79
1 31 80 82
1 32 83 84
1 33 85 87
1 34 88 88
1 35 89 89
1 36 90 90
1 37 91 100
1 38 101 102
1 39 103 105
1 40 106 107
1 41 108 109
1 42 110 111
1 43 112 112
1 44 113 113
1 45 114 114
1 46 115 115
1 47 116 122
1 48 123 127
1 49 128 129
1 50 130 131
1 51 132 134
1 52 135 136
1 53 137 138
1 54 139 139
1 55 140 142
1 56 143 144
1 57 145 148
1 58 149 152
1 59 153 155
1 60 156 159
1 61 160 160
1 62 161 162
1 63 163 166
1 64 167 170
1 65 171 171
1 66 172 173
1 67 174 175
1 68 176 176
1 69 177 178
1 70 179 179
1 71 180 181
1 72 182 183
1 73 184 185
1 74 186 187
1 75 188 189
1 76 190 192
1 77 193 194
1 78 195 196
1 79 197 198
1 80 199 199
1 81 200 207
1 82 208 209
1 83 210 211
1 84 212 213
1 85 214 215
1 86 216 217
1 87 218 219
1 88 220 221
1 89 222 223
1 90 224 225
1 91 226 231
1 92 232 234
1 93 235 237
1 94 238 241
1 95 242 243
1 96 244 245
1 97 246 249
1 98 250 254
1 99 255 258
1 100 259 261
1 101 262 263
1 102 264 264
1 103 265 265
1 104 266 267
1 105 268 269
1 106 270 272
1 107 273 274
1 108 275 276
1 109 277 279
1 110 280 282
1 111 283 286
1 112 287 290
1 113 291 292
1 114 293 294
1 115 295 296
1 116 297 298
1 117 299 300
1 118 301 303
1 119 304 306
1 120 307 309
1 121 310 311
1 122 312 314
1 123 315 318
1 124 319 322
1 125 323 324
1 126 325 328
1 127 329 338
1 128 339 340
1 129 341 344
1 130 345 346
1 131 347 349
1 132 350 351
1 133 352 354
1 134 355 357
1 135 358 360
1 136 361 365
1 137 366 369
1 138 370 375
1 139 376 381
1 140 382 386
1 141 387 392
1 142 393 396
1 143 397 401
1 144 402 409
1 145 410 412
1 146 413 416
1 147 417 419
1 148 420 423
1 149 424 426
1 150 427 430
1 151 431 434
1 152 435 437
1 153 438 440
1 154 441 446
1 155 447 450
1 156 451 452
1 157 453 456
1 158 457 458
1 159 459 463
1 160 464 470
1 161 471 473
1 162 474 476
1 163 477 489
1 164 490 500
1 165 501 502
1 166 503 505
1 167 506 508
1 168 509 513
1 169 514 516
1 170 517 519
1 171 520 522
1 172 523 523
1 173 524 528
1 174 529 530
1 175 531 537
1 176 538 544
1 177 545 549
1 178 550 557
1 179 558 561
1 180 562 568
1 181 569 572
1 182 573 573
1 183 574 578
1 184 579 580
1 185 581 583
1 186 584 587
1 187 588 593
1 188 594 597
1 189 598 601
1 190 602 602
1 191 603 608
1 192 609 612
1 193 613 618
1 194 619 621
1 195 622 623
1 196 624 626
1 197 627 629
1 198 630 631
1 199 632 636
1 200 637 637
1 201 638 641
1 202 642 647
1 203 648 649
1 204 650 654
1 205 655 659
1 206 660 663
1 207 664 667
1 208 668 671
1 209 672 675
1 210 676 677
1 211 678 679
1 212 680 691
1 213 692 692
1 214 693 694
1 215 695 700
1 216 701 713
1 217 714 718
1 218 719 721
1 219 722 725
1 220 726 727
1 221 728 729
1 222 730 731
1 223 732 733
1 224 734 735
1 225 736 737
1 226 738 739
1 227 740 744
1 228 745 747
1 229 748 752
1 230 753 754
1 231 755 757
1 232 758 759
1 233 760 762
1 234 763 768
1 235 769 772
1 236 773 776
1 237 777 780
1 238 781 782
1 239 783 786
1 240 787 789
1 241 790 794
1 242 795 799
1 243 800 800
1 244 801 802
1 245 803 803
1 246 804 804
1 247 805 805
1 248 806 806
1 249 807 807
1 250 808 808
1 251 809 809
1 252 810 810
1 253 811 811
1 254 812 812
1 255 813 813
1 256 814 814
1 257 815 815
1 258 816 816
1 259 817 817
1 260 818 818
1 261 819 819
1 262 820 820
1 263 821 821
1 264 822 822
1 265 823 823
1 266 824 824
1 267 825 825
1 268 826 826
1 269 827 827
1 270 828 828
1 271 829 829
1 272 830 830
1 273 831 831
1 274 832 832
1 275 833 833
1 276 834 834
1 277 835 835
1 278 836 836
1 279 837 837
1 280 838 838
1 281 839 839
1 282 840 840
1 283 841 841
1 284 842 842
1 285 843 843
1 286 844 844
1 287 845 845
1 288 846 846
1 289 847 847
1 290 848 848
1 291 849 849
1 292 850 850
1 293 851 851
1 294 852 852
1 295 853 853
1 296 854 854
1 297 855 855
1 298 856 856
1 299 857 857
1 300 858 858
1 301 859 859
1 302 860 860
1 303 861 861
1 304 862 862
1 305 863 863
1 306 864 864
1 307 865 865
1 308 866 866
1 309 867 867
1 310 868 868
1 311 869 869
1 312 870 870
1 313 871 871
1 314 872 872
1 315 873 873
1 316 874 874
1 317 875 875
1 318 876 876
1 319 877 877
1 320 878 878
1 321 879 879
1 322 880 880
1 323 881 881
1 324 882 882
1 325 883 883
1 326 884 884
1 327 885 885
1 328 886 886
1 329 887 887
1 330 888 888
1 331 889 889
1 332 890 890
1 333 891 891
1 334 892 892
1 335 893 893
1 336 894 894
1 337 895 895
1 338 896 896
1 339 897 897
1 340 898 898
1 341 899 899
1 342 900 900
1 343 901 901
1 344 902 902
1 345 903 903
1 346 904 904
1 347 905 905
1 348 906 906
1 349 907 907
1 350 908 908
1 351 909 909
1 352 910 910
1 353 911 911
1 354 912 912
1 355 913 913
1 356 914 914
1 357 915 915
1 358 916 916
1 359 917 917
1 360 918 918
1 361 919 919
1 362 920 920
1 363 921 921
1 364 922 922
1 365 923 923
1 366 924 924
1 367 925 925
1 368 926 926
1 369 927 927
1 370 928 928
1 371 929 929
1 372 930 930
1 373 931 931
1 374 932 932
1 375 933 933
1 376 934 934
1 377 935 935
1 378 936 936
1 379 937 937
1 380 938 938
1 381 939 939
1 382 940 940
1 383 941 941
1 384 942 942
1 385 943 943
1 386 944 944
1 387 945 945
1 388 946 946
1 389 947 947
1 390 948 948
1 391 949 949
1 392 950 950
1 393 951 951
1 394 952 952
1 395 953 953
1 396 954 954
1 397 955 955
1 398 956 956
1 399 957 957
1 400 958 958
1 401 959 959
1 402 960 960
1 403 961 961
1 404 962 962
1 405 963 963
1 406 964 964
1 407 965 967
1 408 968 968
1 409 969 969
1 410 970 970
1 411 971 971
1 412 972 972
1 413 973 973
1 414 974 974
1 415 975 975
1 416 976 976
1 417 977 979
1 418 980 982
1 419 983 983
1 420 984 984
1 421 985 985
1 422 986 986
1 423 987 987
1 424 988 988
1 425 989 989
1 426 990 990
1 427 991 991
1 428 992 992
1 429 993 993
1 430 994 994
1 431 995 995
1 432 996 996
1 433 997 997
1 434 998 998
1 435 999 999
1 436 1000 1000
1 437 1001 1002
1 438 1003 1004
1 439 1005 1006
1 440 1007 1007
1 441 1008 1009
1 442 1010 1010
1 443 1011 1012
1 444 1013 1013
1 445 1014 1016
1 446 1017 1019
1 447 1020 1022
1 448 1023 1024
1 449 1025 1025
1 450 1026 1027
1 451 1028 1029
1 452 1030 1032
1 453 1033 1034
1 454 1035 1036
1 455 1037 1038
1 456 1039 1039
1 457 1040 1041
1 458 1042 1043
1 459 1044 1044
1 460 1045 1045
1 461 1046 1046
1 462 1047 1049
1 463 1050 1052
1 464 1053 1053
1 465 1054 1059
1 466 1060 1064
1 467 1065 1068
1 468 1069 1072
1 469 1073 1073
1 470 1074 1075
1 471 1076 1077
1 472 1078 1081
1 473 1082 1084
1 474 1085 1086
1 475 1087 1088
1 476 1089 1093
1 477 1094 1100
1 478 1101 1103
1 479 1104 1105
1 480 1106 1111
1 481 1112 1114
1 482 1115 1117
1 483 1118 1121
1 484 1122 1126
1 485 1127 1131
1 486 1132 1136
1 487 1137 1141
1 488 1142 1143
1 489 1144 1146
1 490 1147 1151
1 491 1152 1153
1 492 1154 1159
1 493 1160 1164
1 494 1165 1166
1 495 1167 1174
1 496 1175 1178
1 497 1179 1184
1 498 1185 1186
1 499 1187 1189
1 500 1190 1193
1 501 1194 1195
1 502 1196 1198
1 503 1199 1200
1 504 1201 1202
1 505 1203 1206
1 506 1207 1209
1 507 1210 1211
1 508 1212 1216
1 509 1217 1218
1 510 1219 1221
1 511 1222 1225
1 512 1226 1230
1 513 1231 1233
1 514 1234 1238
1 515 1239 1241
1 516 1242 1243
1 517 1244 1246
1 518 1247 1259
1 519 1260 1269
1 520 1270 1279
1 521 1280 1284
1 522 1285 1286
1 523 1287 1290
1 524 1291 1295
1 525 1296 1306
1 526 1307 1312
1 527 1313 1315
1 528 1316 1320
1 529 1321 1324
1 530 1325 1327
1 531 1328 1332
1 532 1333 1336
1 533 1337 1340
1 534 1341 1342
1 535 1343 1344
1 536 1345 1345
1 537 1346 1348
1 538 1349 1351
1 539 1352 1354
1 540 1355 1356
1 541 1357 1360
1 542 1361 1362
1 543 1363 1365
1 544 1366 1369
1 545 1370 1372
1 546 1373 1373
1 547 1374 1375
1 548 1376 1376
1 549 1377 1378
1 550 1379 1382
1 551 1383 1385
1 552 1386 1386
1 553 1387 1387
1 554 1388 1388
1 555 1389 1393
1 556 1394 1397
1 557 1398 1401
1 558 1402 1406
1 559 1407 1411
1 560 1412 1414
1 561 1415 1419
1 562 1420 1421
1 563 1422 1429
1 564 1430 1431
1 565 1432 1438
1 566 1439 1450
1 567 1451 1455
1 568 1456 1458
1 569 1459 1466
1 570 1467 1468
1 571 1469 1475
1 572 1476 1480
1 573 1481 1485
1 574 1486 1488
1 575 1489 1492
1 576 1493 1494
1 577 1495 1496
1 578 1497 1498
1 579 1499 1500
1 580 1501 1503
1 581 1504 1505
1 582 1506 1507
1 583 1508 1509
1 584 1510 1514
1 585 1515 1518
1 586 1519 1522
1 587 1523 1524
1 588 1525 1530
1 589 1531 1533
1 590 1534 1537
1 591 1538 1542
1 592 1543 1544
1 593 1545 1547
1 594 1548 1555
1 595 1556 1558
1 596 1559 1562
1 597 1563 1565
1 598 1566 1566
1 599 1567 1570
1 600 1571 1574
1 601 1575 1579
1 602 1580 1584
1 603 1585 1600
1 604 1601 1604
1 605 1605 1613
1 606 1614 1620
1 607 1621 1621
1 608 1622 1624
1 609 1625 1630
1 610 1631 1633
1 611 1634 1641
1 612 1642 1645
1 613 1646 1647
1 614 1648 1650
1 615 1651 1658
1 616 1659 1659
1 617 1660 1661
2 618 0 0
2 619 1 1
2 620 2 2
2 621 3 3
2 622 4 4
2 623 5 6
2 624 7 7
2 625 8 8
2 626 9 9
2 627 10 10
2 628 11 11
2 629 12 23
2 630 24 25
2 631 26 26
2 632 27 39
2 633 40 41
2 634 42 44
2 635 45 52
2 636 53 54
2 637 55 58
2 638 59 63
2 639 64 67
2 640 68 69
2 641 70 70
2 642 71 79
2 643 80 84
2 644 85 87
2 645 88 88
2 646 89 89
2 647 90 90
2 648 91 100
2 649 101 102
2 650 103 105
2 651 106 109
2 652 110 111
2 653 112 112
2 654 113 113
2 655 114 114
2 656 115 115
2 657 116 127
2 658 128 129
2 659 130 134
2 660 135 138
2 661 139 139
2 662 140 144
2 663 145 148
2 664 149 152
2 665 153 159
2 666 160 160
2 667 161 166
2 668 167 170
2 669 171 176
2 670 177 178
2 671 179 181
2 672 182 185
2 673 186 189
2 674 190 192
2 675 193 196
2 676 197 198
2 677 199 199
2 678 200 207
2 679 208 209
2 680 210 213
2 681 214 215
2 682 216 219
2 683 220 223
2 684 224 225
2 685 226 234
2 686 235 237
2 687 238 243
2 688 244 245
2 689 246 254
2 690 255 261
2 691 262 263
2 692 264 264
2 693 265 265
2 694 266 269
2 695 270 272
2 696 273 276
2 697 277 279
2 698 280 286
2 699 287 290
2 700 291 292
2 701 293 296
2 702 297 300
2 703 301 306
2 704 307 311
2 705 312 318
2 706 319 324
2 707 325 338
2 708 339 344
2 709 345 346
2 710 347 351
2 711 352 354
2 712 355 357
2 713 358 360
2 714 361 369
2 715 370 381
2 716 382 392
2 717 393 401
2 718 402 416
2 719 417 423
2 720 424 430
2 721 431 434
2 722 435 440
2 723 441 446
2 724 447 452
2 725 453 458
2 726 459 473
2 727 474 489
2 728 490 502
2 729 503 508
2 730 509 516
2 731 517 522
2 732 523 523
2 733 524 530
2 734 531 537
2 735 538 544
2 736 545 561
2 737 562 572
2 738 573 573
2 739 574 578
2 740 579 583
2 741 584 593
2 742 594 601
2 743 602 602
2 744 603 612
2 745 613 621
2 746 622 623
2 747 624 629
2 748 630 631
2 749 632 636
2 750 637 637
2 751 638 647
2 752 648 649
2 753 650 659
2 754 660 667
2 755 668 675
2 756 676 679
2 757 680 691
2 758 692 694
2 759 695 713
2 760 714 721
2 761 722 727
2 762 728 731
2 763 732 737
2 764 738 739
2 765 740 744
2 766 745 752
2 767 753 757
2 768 758 762
2 769 763 768
2 770 769 776
2 771 777 782
2 772 783 789
2 773 790 799
2 774 800 802
2 775 803 803
2 776 804 804
2 777 805 805
2 778 806 806
2 779 807 807
2 780 808 808
2 781 809 809
2 782 810 810
2 783 811 811
2 784 812 812
2 785 813 813
2 786 814 814
2 787 815 815
2 788 816 816
2 789 817 817
2 790 818 818
2 791 819 819
2 792 820 820
2 793 821 821
2 794 822 822
2 795 823 823
2 796 824 824
2 797 825 825
2 798 826 826
2 799 827 827
2 800 828 828
2 801 829 829
2 802 830 830
2 803 831 831
2 804 832 832
2 805 833 833
2 806 834 834
2 807 835 835
2 808 836 836
2 809 837 837
2 810 838 838
2 811 839 839
2 812 840 840
2 813 841 841
2 814 842 842
2 815 843 843
2 816 844 844
2 817 845 845
2 818 846 846
2 819 847 847
2 820 848 848
2 821 849 849
2 822 850 850
2 823 851 851
2 824 852 852
2 825 853 853
2 826 854 854
2 827 855 855
2 828 856 856
2 829 857 857
2 830 858 858
2 831 859 859
2 832 860 860
2 833 861 861
2 834 862 862
2 835 863 863
2 836 864 864
2 837 865 865
2 838 866 866
2 839 867 867
2 840 868 868
2 841 869 869
2 842 870 870
2 843 871 871
2 844 872 872
2 845 873 873
2 846 874 874
2 847 875 875
2 848 876 876
2 849 877 877
2 850 878 878
2 851 879 879
2 852 880 880
2 853 881 881
2 854 882 882
2 855 883 883
2 856 884 884
2 857 885 885
2 858 886 886
2 859 887 887
2 860 888 888
2 861 889 889
2 862 890 890
2 863 891 891
2 864 892 892
2 865 893 893
2 866 894 894
2 867 895 895
2 868 896 896
2 869 897 897
2 870 898 898
2 871 899 899
2 872 900 900
2 873 901 901
2 874 902 902
2 875 903 903
2 876 904 904
2 877 905 905
2 878 906 906
2 879 907 907
2 880 908 908
2 881 909 909
2 882 910 910
2 883 911 911
2 884 912 912
2 885 913 913
2 886 914 914
2 887 915 915
2 888 916 916
2 889 917 917
2 890 918 918
2 891 919 919
2 892 920 920
2 893 921 921
2 894 922 922
2 895 923 923
2 896 924 924
2 897 925 925
2 898 926 926
2 899 927 927
2 900 928 928
2 901 929 929
2 902 930 930
2 903 931 931
2 904 932 932
2 905 933 933
2 906 934 934
2 907 935 935
2 908 936 936
2 909 937 937
2 910 938 938
2 911 939 939
2 912 940 940
2 913 941 941
2 914 942 942
2 915 943 943
2 916 944 944
2 917 945 945
2 918 946 946
2 919 947 947
2 920 948 948
2 921 949 949
2 922 950 950
2 923 951 951
2 924 952 952
2 925 953 953
2 926 954 954
2 927 955 955
2 928 956 956
2 929 957 957
2 930 958 958
2 931 959 959
2 932 960 960
2 933 961 961
2 934 962 962
2 935 963 963
2 936 964 964
2 937 965 967
2 938 968 968
2 939 969 969
2 940 970 970
2 941 971 971
2 942 972 972
2 943 973 973
2 944 974 974
2 945 975 975
2 946 976 976
2 947 977 982
2 948 983 983
2 949 984 984
2 950 985 985
2 951 986 986
2 952 987 987
2 953 988 988
2 954 989 989
2 955 990 990
2 956 991 991
2 957 992 992
2 958 993 993
2 959 994 994
2 960 995 995
2 961 996 996
2 962 997 997
2 963 998 998
2 964 999 999
2 965 1000 1000
2 966 1001 1006
2 967 1007 1009
2 968 1010 1012
2 969 1013 1013
2 970 1014 1022
2 971 1023 1024
2 972 1025 1025
2 973 1026 1027
2 974 1028 1032
2 975 1033 1034
2 976 1035 1038
2 977 1039 1041
2 978 1042 1043
2 979 1044 1044
2 980 1045 1045
2 981 1046 1046
2 982 1047 1049
2 983 1050 1052
2 984 1053 1053
2 985 1054 1059
2 986 1060 1068
2 987 1069 1072
2 988 1073 1075
2 989 1076 1077
2 990 1078 1084
2 991 1085 1088
2 992 1089 1100
2 993 1101 1103
2 994 1104 1105
2 995 1106 1111
2 996 1112 1117
2 997 1118 1121
2 998 1122 1131
2 999 1132 1141
2 1000 1142 1146
2 1001 1147 1151
2 1002 1152 1153
2 1003 1154 1159
2 1004 1160 1166
2 1005 1167 1178
2 1006 1179 1186
2 1007 1187 1189
2 1008 1190 1195
2 1009 1196 1198
2 1010 1199 1202
2 1011 1203 1206
2 1012 1207 1209
2 1013 1210 1216
2 1014 1217 1218
2 1015 1219 1225
2 1016 1226 1230
2 1017 1231 1233
2 1018 1234 1241
2 1019 1242 1246
2 1020 1247 1269
2 1021 1270 1279
2 1022 1280 1286
2 1023 1287 1295
2 1024 1296 1306
2 1025 1307 1315
2 1026 1316 1324
2 1027 1325 1332
2 1028 1333 1336
2 1029 1337 1340
2 1030 1341 1345
2 1031 1346 1351
2 1032 1352 1356
2 1033 1357 1362
2 1034 1363 1369
2 1035 1370 1372
2 1036 1373 1373
2 1037 1374 1375
2 1038 1376 1376
2 1039 1377 1378
2 1040 1379 1385
2 1041 1386 1386
2 1042 1387 1387
2 1043 1388 1388
2 1044 1389 1397
2 1045 1398 1401
2 1046 1402 1411
2 1047 1412 1419
2 1048 1420 1421
2 1049 1422 1431
2 1050 1432 1438
2 1051 1439 1455
2 1052 1456 1466
2 1053 1467 1475
2 1054 1476 1485
2 1055 1486 1492
2 1056 1493 1498
2 1057 1499 1503
2 1058 1504 1509
2 1059 1510 1518
2 1060 1519 1524
2 1061 1525 1537
2 1062 1538 1544
2 1063 1545 1555
2 1064 1556 1562
2 1065 1563 1565
2 1066 1566 1566
2 1067 1567 1570
2 1068 1571 1574
2 1069 1575 1579
2 1070 1580 1584
2 1071 1585 1604
2 1072 1605 1620
2 1073 1621 1621
2 1074 1622 1630
2 1075 1631 1633
2 1076 1634 1645
2 1077 1646 1650
2 1078 1651 1658
2 1079 1659 1659
2 1080 1660 1661
3 1081 0 0
3 1082 1 1
3 1083 2 2
3 1084 3 3
3 1085 4 4
3 1086 5 8
3 1087 9 11
3 1088 12 25
3 1089 26 26
3 1090 27 41
3 1091 42 52
3 1092 53 58
3 1093 59 69
3 1094 70 79
3 1095 80 87
3 1096 88 88
3 1097 89 89
3 1098 90 90
3 1099 91 105
3 1100 106 111
3 1101 112 113
3 1102 114 115
3 1103 116 129
3 1104 130 138
3 1105 139 144
3 1106 145 152
3 1107 153 160
3 1108 161 170
3 1109 171 178
3 1110 179 185
3 1111 186 192
3 1112 193 198
3 1113 199 199
3 1114 200 207
3 1115 208 213
3 1116 214 223
3 1117 224 243
3 1118 244 245
3 1119 246 261
3 1120 262 269
3 1121 270 276
3 1122 277 290
3 1123 291 300
3 1124 301 311
3 1125 312 338
3 1126 339 351
3 1127 352 357
3 1128 358 369
3 1129 370 416
3 1130 417 434
3 1131 435 446
3 1132 447 458
3 1133 459 502
3 1134 503 516
3 1135 517 530
3 1136 531 561
3 1137 562 572
3 1138 573 573
3 1139 574 593
3 1140 594 612
3 1141 613 621
3 1142 622 629
3 1143 630 636
3 1144 637 637
3 1145 638 667
3 1146 668 679
3 1147 680 721
3 1148 722 737
3 1149 738 752
3 1150 753 776
3 1151 777 799
3 1152 800 802
3 1153 803 804
3 1154 805 805
3 1155 806 806
3 1156 807 808
3 1157 809 809
3 1158 810 810
3 1159 811 811
3 1160 812 812
3 1161 813 813
3 1162 814 814
3 1163 815 815
3 1164 816 816
3 1165 817 817
3 1166 818 818
3 1167 819 819
3 1168 820 820
3 1169 821 821
3 1170 822 822
3 1171 823 823
3 1172 824 824
3 1173 825 825
3 1174 826 826
3 1175 827 827
3 1176 828 828
3 1177 829 829
3 1178 830 830
3 1179 831 831
3 1180 832 832
3 1181 833 833
3 1182 834 834
3 1183 835 835
3 1184 836 836
3 1185 837 837
3 1186 838 838
3 1187 839 839
3 1188 840 840
3 1189 841 841
3 1190 842 842
3 1191 843 843
3 1192 844 844
3 1193 845 845
3 1194 846 846
3 1195 847 847
3 1196 848 848
3 1197 849 849
3 1198 850 850
3 1199 851 851
3 1200 852 852
3 1201 853 853
3 1202 854 854
3 1203 855 855
3 1204 856 856
3 1205 857 857
3 1206 858 858
3 1207 859 859
3 1208 860 860
3 1209 861 861
3 1210 862 862
3 1211 863 863
3 1212 864 864
3 1213 865 865
3 1214 866 866
3 1215 867 867
3 1216 868 868
3 1217 869 869
3 1218 870 870
3 1219 871 871
3 1220 872 872
3 1221 873 873
3 1222 874 874
3 1223 875 875
3 1224 876 876
3 1225 877 877
3 1226 878 878
3 1227 879 879
3 1228 880 880
3 1229 881 881
3 1230 882 882
3 1231 883 883
3 1232 884 884
3 1233 885 885
3 1234 886 886
3 1235 887 887
3 1236 888 888
3 1237 889 889
3 1238 890 890
3 1239 891 891
3 1240 892 892
3 1241 893 893
3 1242 894 894
3 1243 895 895
3 1244 896 896
3 1245 897 897
3 1246 898 898
3 1247 899 899
3 1248 900 900
3 1249 901 901
3 1250 902 902
3 1251 903 903
3 1252 904 904
3 1253 905 905
3 1254 906 906
3 1255 907 907
3 1256 908 908
3 1257 909 909
3 1258 910 910
3 1259 911 911
3 1260 912 912
3 1261 913 913
3 1262 914 914
3 1263 915 915
3 1264 916 916
3 1265 917 917
3 1266 918 918
3 1267 919 919
3 1268 920 920
3 1269 921 921
3 1270 922 922
3 1271 923 923
3 1272 924 924
3 1273 925 925
3 1274 926 926
3 1275 927 927
3 1276 928 928
3 1277 929 929
3 1278 930 930
3 1279 931 931
3 1280 932 932
3 1281 933 933
3 1282 934 934
3 1283 935 935
3 1284 936 936
3 1285 937 937
3 1286 938 938
3 1287 939 939
3 1288 940 940
3 1289 941 941
3 1290 942 942
3 1291 943 943
3 1292 944 944
3 1293 945 945
3 1294 946 946
3 1295 947 947
3 1296 948 948
3 1297 949 949
3 1298 950 950
3 1299 951 951
3 1300 952 952
3 1301 953 953
3 1302 954 954
3 1303 955 955
3 1304 956 956
3 1305 957 957
3 1306 958 958
3 1307 959 959
3 1308 960 960
3 1309 961 961
3 1310 962 962
3 1311 963 963
3 1312 964 964
3 1313 965 967
3 1314 968 968
3 1315 969 970
3 1316 971 972
3 1317 973 973
3 1318 974 974
3 1319 975 975
3 1320 976 982
3 1321 983 983
3 1322 984 984
3 1323 985 985
3 1324 986 986
3 1325 987 987
3 1326 988 988
3 1327 989 989
3 1328 990 990
3 1329 991 991
3 1330 992 992
3 1331 993 993
3 1332 994 994
3 1333 995 995
3 1334 996 996
3 1335 997 997
3 1336 998 998
3 1337 999 1000
3 1338 1001 1012
3 1339 1013 1022
3 1340 1023 1027
3 1341 1028 1032
3 1342 1033 1038
3 1343 1039 1043
3 1344 1044 1046
3 1345 1047 1059
3 1346 1060 1075
3 1347 1076 1088
3 1348 1089 1117
3 1349 1118 1141
3 1350 1142 1166
3 1351 1167 1195
3 1352 1196 1202
3 1353 1203 1218
3 1354 1219 1241
3 1355 1242 1286
3 1356 1287 1315
3 1357 1316 1332
3 1358 1333 1336
3 1359 1337 1345
3 1360 1346 1362
3 1361 1363 1372
3 1362 1373 1373
3 1363 1374 1375
3 1364 1376 1376
3 1365 1377 1385
3 1366 1386 1387
3 1367 1388 1388
3 1368 1389 1401
3 1369 1402 1421
3 1370 1422 1438
3 1371 1439 1466
3 1372 1467 1503
3 1373 1504 1524
3 1374 1525 1562
3 1375 1563 1566
3 1376 1567 1574
3 1377 1575 1604
3 1378 1605 1630
3 1379 1631 1645
3 1380 1646 1658
3 1381 1659 1659
3 1382 1660 1661
4 1383 0 0
4 1384 1 1
4 1385 2 2
4 1386 3 3
4 1387 4 4
4 1388 5 11
4 1389 12 25
4 1390 26 26
4 1391 27 52
4 1392 53 69
4 1393 70 87
4 1394 88 88
4 1395 89 89
4 1396 90 90
4 1397 91 105
4 1398 106 113
4 1399 114 115
4 1400 116 138
4 1401 139 160
4 1402 161 178
4 1403 179 192
4 1404 193 198
4 1405 199 199
4 1406 200 213
4 1407 214 243
4 1408 244 245
4 1409 246 261
4 1410 262 276
4 1411 277 311
4 1412 312 369
4 1413 370 416
4 1414 417 458
4 1415 459 502
4 1416 503 530
4 1417 531 561
4 1418 562 572
4 1419 573 573
4 1420 574 593
4 1421 594 612
4 1422 613 621
4 1423 622 629
4 1424 630 636
4 1425 637 679
4 1426 680 721
4 1427 722 776
4 1428 777 799
4 1429 800 804
4 1430 805 805
4 1431 806 806
4 1432 807 808
4 1433 809 809
4 1434 810 810
4 1435 811 811
4 1436 812 812
4 1437 813 813
4 1438 814 814
4 1439 815 815
4 1440 816 816
4 1441 817 817
4 1442 818 818
4 1443 819 819
4 1444 820 820
4 1445 821 821
4 1446 822 822
4 1447 823 823
4 1448 824 824
4 1449 825 825
4 1450 826 826
4 1451 827 827
4 1452 828 828
4 1453 829 829
4 1454 830 830
4 1455 831 831
4 1456 832 832
4 1457 833 833
4 1458 834 834
4 1459 835 835
4 1460 836 836
4 1461 837 837
4 1462 838 838
4 1463 839 839
4 1464 840 840
4 1465 841 841
4 1466 842 842
4 1467 843 843
4 1468 844 844
4 1469 845 845
4 1470 846 846
4 1471 847 847
4 1472 848 848
4 1473 849 849
4 1474 850 850
4 1475 851 851
4 1476 852 852
4 1477 853 853
4 1478 854 854
4 1479 855 855
4 1480 856 856
4 1481 857 857
4 1482 858 858
4 1483 859 859
4 1484 860 860
4 1485 861 861
4 1486 862 862
4 1487 863 863
4 1488 864 864
4 1489 865 865
4 1490 866 866
4 1491 867 867
4 1492 868 868
4 1493 869 869
4 1494 870 870
4 1495 871 871
4 1496 872 872
4 1497 873 873
4 1498 874 874
4 1499 875 875
4 1500 876 876
4 1501 877 877
4 1502 878 878
4 1503 879 879
4 1504 880 880
4 1505 881 881
4 1506 882 882
4 1507 883 883
4 1508 884 884
4 1509 885 885
4 1510 886 886
4 1511 887 887
4 1512 888 888
4 1513 889 889
4 1514 890 890
4 1515 891 891
4 1516 892 892
4 1517 893 893
4 1518 894 894
4 1519 895 895
4 1520 896 896
4 1521 897 897
4 1522 898 898
4 1523 899 899
4 1524 900 900
4 1525 901 901
4 1526 902 902
4 1527 903 903
4 1528 904 904
4 1529 905 905
4 1530 906 906
4 1531 907 907
4 1532 908 908
4 1533 909 909
4 1534 910 910
4 1535 911 911
4 1536 912 912
4 1537 913 913
4 1538 914 914
4 1539 915 915
4 1540 916 916
4 1541 917 917
4 1542 918 918
4 1543 919 919
4 1544 920 920
4 1545 921 921
4 1546 922 922
4 1547 923 923
4 1548 924 924
4 1549 925 925
4 1550 926 926
4 1551 927 927
4 1552 928 928
4 1553 929 929
4 1554 930 930
4 1555 931 931
4 1556 932 932
4 1557 933 933
4 1558 934 934
4 1559 935 935
4 1560 936 936
4 1561 937 937
4 1562 938 938
4 1563 939 939
4 1564 940 940
4 1565 941 941
4 1566 942 942
4 1567 943 943
4 1568 944 944
4 1569 945 945
4 1570 946 946
4 1571 947 947
4 1572 948 948
4 1573 949 949
4 1574 950 950
4 1575 951 951
4 1576 952 952
4 1577 953 953
4 1578 954 954
4 1579 955 955
4 1580 956 956
4 1581 957 957
4 1582 958 958
4 1583 959 959
4 1584 960 960
4 1585 961 961
4 1586 962 962
4 1587 963 963
4 1588 964 964
4 1589 965 967
4 1590 968 968
4 1591 969 970
4 1592 971 972
4 1593 973 973
4 1594 974 974
4 1595 975 975
4 1596 976 982
4 1597 983 983
4 1598 984 984
4 1599 985 985
4 1600 986 986
4 1601 987 987
4 1602 988 988
4 1603 989 989
4 1604 990 990
4 1605 991 991
4 1606 992 992
4 1607 993 993
4 1608 994 994
4 1609 995 995
4 1610 996 996
4 1611 997 997
4 1612 998 998
4 1613 999 1012
4 1614 1013 1022
4 1615 1023 1027
4 1616 1028 1032
4 1617 1033 1038
4 1618 1039 1043
4 1619 1044 1046
4 1620 1047 1075
4 1621 1076 1088
4 1622 1089 1166
4 1623 1167 1218
4 1624 1219 1315
4 1625 1316 1336
4 1626 1337 1345
4 1627 1346 1362
4 1628 1363 1372
4 1629 1373 1373
4 1630 1374 1375
4 1631 1376 1376
4 1632 1377 1385
4 1633 1386 1401
4 1634 1402 1503
4 1635 1504 1562
4 1636 1563 1574
4 1637 1575 1645
4 1638 1646 1658
4 1639 1659 1659
4 1640 1660 1661
